<?xml version="1.0" encoding="UTF-8"?>
<!-- Generated by org.testng.reporters.JUnitReportReporter -->
<testsuite hostname="DESKTOP-EMUU5D0" failures="0" tests="6" name="testPackage.TestClassB_TestNG" time="0.025" errors="0" timestamp="2022-09-08T07:22:53 IST" skipped="0">
  <testcase classname="testPackage.TestClassB_TestNG" name="testA" time="0.006"/>
  <system-out/>
  <testcase classname="testPackage.TestClassB_TestNG" name="testC" time="0.003"/>
  <system-out/>
  <testcase classname="testPackage.TestClassB_TestNG" name="testC" time="0.005"/>
  <system-out/>
  <testcase classname="testPackage.TestClassB_TestNG" name="testA" time="0.005"/>
  <system-out/>
  <testcase classname="testPackage.TestClassB_TestNG" name="testB" time="0.002"/>
  <system-out/>
  <testcase classname="testPackage.TestClassB_TestNG" name="testB" time="0.004"/>
  <system-out/>
</testsuite> <!-- testPackage.TestClassB_TestNG -->
